<?xml version="1.0" encoding="UTF-8"?>
<testsuite xmlns:xsi="http://www.w3.org/2001/XMLSchema-instance" xsi:noNamespaceSchemaLocation="https://maven.apache.org/surefire/maven-surefire-plugin/xsd/surefire-test-report-3.0.xsd" version="3.0" name="com.function.kms.FunctionTest" time="0.465" tests="1" errors="0" skipped="0" failures="0">
  <properties>
[...]
</properties>
  <testcase name="testHttpTriggerJava" classname="com.function.kms.FunctionTest" time="0.451">
    <system-err><![CDATA[4월 16, 2024 11:19:24 오전 com.function.kms.Function run
정보: Java HTTP trigger processed a request.
]]></system-err>
  </testcase>
</testsuite>